2024-04-08T14:12:31+00:00 DEBUG tt4b_product_delete: missing access token for tt4b_product_sync
2024-04-08T14:12:31+00:00 DEBUG tt4b_product_delete: missing access token for tt4b_product_sync
2024-04-08T14:12:31+00:00 DEBUG tt4b_product_delete: missing access token for tt4b_product_sync
2024-04-08T14:12:31+00:00 DEBUG tt4b_product_delete: missing access token for tt4b_product_sync
2024-04-08T14:12:31+00:00 DEBUG tt4b_product_delete: missing access token for tt4b_product_sync
2024-04-08T14:12:31+00:00 DEBUG tt4b_product_delete: missing access token for tt4b_product_sync
2024-04-08T14:12:31+00:00 DEBUG tt4b_product_delete: missing access token for tt4b_product_sync
2024-04-08T14:12:32+00:00 DEBUG tt4b_product_delete: missing access token for tt4b_product_sync
2024-04-08T14:12:32+00:00 DEBUG tt4b_product_delete: missing access token for tt4b_product_sync
2024-04-08T14:12:32+00:00 DEBUG tt4b_product_delete: missing access token for tt4b_product_sync
2024-04-08T14:12:32+00:00 DEBUG tt4b_product_delete: missing access token for tt4b_product_sync
2024-04-08T14:12:32+00:00 DEBUG tt4b_product_delete: missing access token for tt4b_product_sync
2024-04-08T14:28:56+00:00 DEBUG Tt4b_Pixel_Class::inject_view_content_event: hit ViewContent
2024-04-08T14:28:56+00:00 DEBUG Tt4b_Pixel_Class::inject_view_content_event: Missing option "access_token"
2024-04-08T14:28:59+00:00 DEBUG Tt4b_Pixel_Class::inject_view_content_event: hit ViewContent
2024-04-08T14:28:59+00:00 DEBUG Tt4b_Pixel_Class::inject_view_content_event: Missing option "access_token"
2024-04-08T14:29:23+00:00 DEBUG Tt4b_Pixel_Class::inject_view_content_event: hit ViewContent
2024-04-08T14:29:23+00:00 DEBUG Tt4b_Pixel_Class::inject_view_content_event: Missing option "access_token"
2024-04-08T14:30:32+00:00 DEBUG Tt4b_Pixel_Class::inject_view_content_event: hit ViewContent
2024-04-08T14:30:32+00:00 DEBUG Tt4b_Pixel_Class::inject_view_content_event: Missing option "access_token"
2024-04-08T14:30:54+00:00 DEBUG Tt4b_Pixel_Class::inject_add_to_cart_event: hit AddToCart
2024-04-08T14:30:54+00:00 DEBUG Tt4b_Pixel_Class::inject_add_to_cart_event: Missing option "access_token"
2024-04-08T14:31:12+00:00 DEBUG Tt4b_Pixel_Class::inject_initiate_checkout_event: hit InitiateCheckout
2024-04-08T14:31:12+00:00 DEBUG Tt4b_Pixel_Class::inject_initiate_checkout_event: Missing option "access_token"
2024-04-08T14:32:02+00:00 DEBUG Tt4b_Pixel_Class::inject_purchase_event: hit Purchase
2024-04-08T14:32:02+00:00 DEBUG Tt4b_Pixel_Class::inject_purchase_event: Missing option "access_token"
2024-04-08T14:35:16+00:00 DEBUG Tt4b_Pixel_Class::inject_view_content_event: hit ViewContent
2024-04-08T14:35:16+00:00 DEBUG Tt4b_Pixel_Class::inject_view_content_event: Missing option "access_token"
2024-04-08T14:35:56+00:00 DEBUG Tt4b_Pixel_Class::inject_add_to_cart_event: hit AddToCart
2024-04-08T14:35:56+00:00 DEBUG Tt4b_Pixel_Class::inject_add_to_cart_event: Missing option "access_token"
2024-04-08T14:36:10+00:00 DEBUG Tt4b_Pixel_Class::inject_initiate_checkout_event: hit InitiateCheckout
2024-04-08T14:36:10+00:00 DEBUG Tt4b_Pixel_Class::inject_initiate_checkout_event: Missing option "access_token"
2024-04-08T14:36:39+00:00 DEBUG Tt4b_Pixel_Class::inject_purchase_event: hit Purchase
2024-04-08T14:36:39+00:00 DEBUG Tt4b_Pixel_Class::inject_purchase_event: Missing option "access_token"
2024-04-08T14:55:26+00:00 DEBUG Tt4b_Pixel_Class::inject_view_content_event: hit ViewContent
2024-04-08T14:55:26+00:00 DEBUG Tt4b_Pixel_Class::inject_view_content_event: Missing option "access_token"
2024-04-08T17:15:18+00:00 DEBUG POST: https://business-api.tiktok.com/tbp/v2.0/business_profile/disconnect?external_data=

{"business_platform":"WOO_COMMERCE","external_business_id":"tt4b_woocommerce_65e22c3b6d93e"}
 ajax: no
2024-04-08T17:15:19+00:00 DEBUG Tt4b_Mapi_Class::tbp_post: Response: 

HTTP/1.1 200 OK
Content-Type: application/json; charset=utf-8
Content-Length: 95
X-Api-Deprecation-Info: API for Business Version 1.3 is now live. To avoid disruption to your business, we recommend you migrate all calls to v1.3 as soon as possible. Please visit our migration guide for more details: https://ads.tiktok.com/marketing_api/docs?id=1740029169927169
X-Domain-Change-Info: We have moved to the new domain business-api.tiktok.com for API services after the Platform Upgrade on 09/30/2021. Please update all of your requests with the new domain if you haven't done so already. For more information, please visit https://ads.tiktok.com/marketing_api/docs?rid=esb88xalm6m&id=1709207085043713
X-Tt-Logid: 2024040817151873C8442A5944611A1CB1
Server-Timing: inner; dur=5
x-tt-trace-host: 015a664bcbe13e0bfe0b5271b15eefa8f82dd0bdba4b1f7440ba8d26e59fe11e2fdf52ff6a8dc546e09f15851d42a725a74687b1d83ef42450f3ab1af8d033e48174166526ea55718ed583a1e7f8f42c2189499c1bed75ac4027bc124cdd293208
x-tt-trace-id: 00-24040817151873C8442A5944611A1CB1-6E5C6C6148A49EFD-00
Server: TLB
Expires: Mon, 08 Apr 2024 17:15:19 GMT
Cache-Control: max-age=0, no-cache, no-store
Pragma: no-cache
Date: Mon, 08 Apr 2024 17:15:19 GMT
X-Cache: TCP_MISS from a23-59-80-95.deploy.akamaitechnologies.com (AkamaiGHost/11.4.4.1-55336823) (-)
Connection: close
x-tt-trace-tag: id=16;cdn-cache=miss;type=dyn
Server-Timing: cdn-cache; desc=MISS, edge; dur=2, origin; dur=9
X-Origin-Response-Time: 10,23.59.80.95
X-Akamai-Request-ID: 31bce876

{"code":40001,"message":"Permission denied.","request_id":"2024040817151873C8442A5944611A1CB1"}

2024-04-08T17:15:19+00:00 DEBUG POST: https://business-api.tiktok.com/tbp/v2.0/shop/connection/disconnect?external_data=

--- EMPTY STRING ---
 ajax: no
2024-04-08T17:15:19+00:00 DEBUG Tt4b_Mapi_Class::tts_shop_disconnect: Response: 

HTTP/1.1 200 OK
Content-Type: application/json; charset=utf-8
Content-Length: 95
X-Api-Deprecation-Info: API for Business Version 1.3 is now live. To avoid disruption to your business, we recommend you migrate all calls to v1.3 as soon as possible. Please visit our migration guide for more details: https://ads.tiktok.com/marketing_api/docs?id=1740029169927169
X-Domain-Change-Info: We have moved to the new domain business-api.tiktok.com for API services after the Platform Upgrade on 09/30/2021. Please update all of your requests with the new domain if you haven't done so already. For more information, please visit https://ads.tiktok.com/marketing_api/docs?rid=esb88xalm6m&id=1709207085043713
X-Tt-Logid: 202404081715183B0046D56EC3461A7B4E
Server-Timing: inner; dur=7
x-tt-trace-host: 015a664bcbe13e0bfe0b5271b15eefa8f82dd0bdba4b1f7440ba8d26e59fe11e2fdf52ff6a8dc546e09f15851d42a725a7aff358783c07d0952ff52a5143c4a1e42f8fb6464970f4e3aa4cc114b1a50d744aaf9aa0613f7396016eb735e7daaefb
x-tt-trace-id: 00-2404081715183B0046D56EC3461A7B4E-0AA08AE96A7DEB39-00
Server: TLB
Expires: Mon, 08 Apr 2024 17:15:19 GMT
Cache-Control: max-age=0, no-cache, no-store
Pragma: no-cache
Date: Mon, 08 Apr 2024 17:15:19 GMT
X-Cache: TCP_MISS from a23-59-80-95.deploy.akamaitechnologies.com (AkamaiGHost/11.4.4.1-55336823) (-)
Connection: close
x-tt-trace-tag: id=16;cdn-cache=miss;type=dyn
Server-Timing: cdn-cache; desc=MISS, edge; dur=0, origin; dur=11
X-Origin-Response-Time: 11,23.59.80.95
X-Akamai-Request-ID: 31bcefb2

{"code":40001,"message":"Permission denied.","request_id":"202404081715183B0046D56EC3461A7B4E"}

